<?xml version="1.0" encoding="UTF-8"?>
<testng-results ignored="0" total="1" passed="1" failed="0" skipped="0">
  <reporter-output>
  </reporter-output>
  <suite started-at="2021-06-19T03:29:14 PDT" name="Default suite" finished-at="2021-06-19T03:29:33 PDT" duration-ms="19232">
    <groups>
    </groups>
    <test started-at="2021-06-19T03:29:14 PDT" name="Default test" finished-at="2021-06-19T03:29:33 PDT" duration-ms="19232">
      <class name="pom2Pagefactory.WithoutAtFindby">
        <test-method signature="start()[pri:0, instance:pom2Pagefactory.WithoutAtFindby@3c947bc5]" started-at="2021-06-19T03:29:14 PDT" name="start" finished-at="2021-06-19T03:29:33 PDT" duration-ms="19106" status="PASS">
          <reporter-output>
          </reporter-output>
        </test-method> <!-- start -->
      </class> <!-- pom2Pagefactory.WithoutAtFindby -->
    </test> <!-- Default test -->
  </suite> <!-- Default suite -->
</testng-results>
